2018-09-05T23:17:33.096+08:00 INFO [main]
				[com.datamanage.WebApplication.logStarting:48] Starting WebApplication on USER-20161022OL with PID 8656 (D:\workspace\datamanager\target\classes started by Administrator in D:\workspace\datamanager)
2018-09-05T23:17:33.098+08:00 DEBUG [main]
				[com.datamanage.WebApplication.logStarting:51] Running with Spring Boot v1.5.9.RELEASE, Spring v4.3.13.RELEASE
2018-09-05T23:17:33.099+08:00 INFO [main]
				[com.datamanage.WebApplication.logStartupProfileInfo:593] No active profile set, falling back to default profiles: default
2018-09-05T23:17:39.791+08:00 INFO [main]
				[com.datamanage.WebApplication.logStarted:57] Started WebApplication in 7.2 seconds (JVM running for 7.894)
2018-09-05T23:25:46.564+08:00 INFO [main]
				[com.datamanage.WebApplication.logStarting:48] Starting WebApplication on USER-20161022OL with PID 8740 (D:\workspace\datamanager\target\classes started by Administrator in D:\workspace\datamanager)
2018-09-05T23:25:46.565+08:00 DEBUG [main]
				[com.datamanage.WebApplication.logStarting:51] Running with Spring Boot v1.5.9.RELEASE, Spring v4.3.13.RELEASE
2018-09-05T23:25:46.566+08:00 INFO [main]
				[com.datamanage.WebApplication.logStartupProfileInfo:593] No active profile set, falling back to default profiles: default
2018-09-05T23:55:41.073+08:00 INFO [main]
				[com.datamanage.WebApplication.logStarting:48] Starting WebApplication on USER-20161022OL with PID 7004 (D:\workspace\datamanager\target\classes started by Administrator in D:\workspace\datamanager)
2018-09-05T23:55:41.073+08:00 DEBUG [main]
				[com.datamanage.WebApplication.logStarting:51] Running with Spring Boot v1.5.9.RELEASE, Spring v4.3.13.RELEASE
2018-09-05T23:55:41.075+08:00 INFO [main]
				[com.datamanage.WebApplication.logStartupProfileInfo:593] No active profile set, falling back to default profiles: default
